Fecha: 2025-07-02 12:57:01
Para: correo@gmail.es
Asunto: Verificación de cuenta
Mensaje:
Por favor, verifica tu cuenta haciendo clic en este enlace: http://localhost/ApiBiblioteca/admin//verificar.php?token=dc7f9b1c12bfba18c8a8f96df95ffe79fbdcd99cdce083c1bfd0764c2ccbdb27
__________________________________________

Fecha: 2025-07-02 13:07:23
Para: correo@gmail.net
Asunto: Verificación de cuenta
Mensaje:
Por favor, verifica tu cuenta haciendo clic en este enlace: http://localhost/ApiBiblioteca/admin//verificar.php?token=093c5f30e234b913cf3fe3425bc3bc5754319e74ed8cd7a439b79a8ec70fee4f
__________________________________________

Fecha: 2025-07-02 13:21:44
Para: correo@gmail.it
Asunto: Verificación de cuenta
Mensaje:
Por favor, verifica tu cuenta haciendo clic en este enlace: http://localhost/ApiBiblioteca/admin//verificar.php?token=7ea6896d0364c8abf6db8ea6c675fa594dbf7b190e7cef2b6aa53a55b826ca93
__________________________________________

Fecha: 2025-07-02 13:34:27
Para: correo@gmail.pi
Asunto: Verificación de cuenta
Mensaje:
Por favor, verifica tu cuenta haciendo clic en este enlace: http://localhost/ApiBiblioteca/admin//verificar.php?token=bb755ede9d36fcce6506d1da250860685cd22ad431a3ef0ce9f22b3b8bd30fc9
__________________________________________

Fecha: 2025-07-02 13:39:59
Para: correo@gmail.pt
Asunto: Verificación de cuenta
Mensaje:
Por favor, verifica tu cuenta haciendo clic en este enlace: http://localhost/ApiBiblioteca/admin//verificar.php?token=60c151b15476c922061bb78c0de6cb2d7d1ea8d841754be112d87d227d865e19
__________________________________________

Fecha: 2025-07-02 14:06:14
Para: correo@gmail.cz
Asunto: Verificación de cuenta
Mensaje:
Por favor, verifica tu cuenta haciendo clic en este enlace: http://localhost/ApiBiblioteca/admin//verificar.php?token=100ec4c03d4545904d30e9a8b2c9a88498d6795b2ae6080598d3cf08085d8a54
__________________________________________

Fecha: 2025-07-03 09:38:33
Para: correo@gmail.fr
Asunto: Verificación de cuenta
Mensaje:
Por favor, verifica tu cuenta haciendo clic en este enlace: http://localhost/ApiBiblioteca/admin/verificar.php?token=d6b0d5065b0759b917492cf29596bb9cae8c71671e8260b637258b45255b7d66
__________________________________________

Fecha: 2025-07-03 09:59:52
Para: correo@gmail.fl
Asunto: Verificación de cuenta
Mensaje:
Por favor, verifica tu cuenta haciendo clic en este enlace: http://localhost/ApiBiblioteca/admin/verificar.php?token=1d0d539f5eab7be2801740e3cd823a68aa932247b4c3bea1f817f2e0d23d9cf8
__________________________________________

Fecha: 2025-07-03 10:01:28
Para: correo@gmail.ch
Asunto: Verificación de cuenta
Mensaje:
Por favor, verifica tu cuenta haciendo clic en este enlace: http://localhost/ApiBiblioteca/admin/verificar.php?token=f91143f53c22459db593195ebce03f889146cd38290aa590490b422c9fcf05f2
__________________________________________

Fecha: 2025-07-03 12:16:43
Para: correo@gmail.cz
Asunto: Recuperación de contraseña
Mensaje:
Para restablecer tu contraseña, haz click en este enlace: http://localhost/ApiBiblioteca/admin/restablecer.php?token=e0c0a6614deb45a232fb99408a76d96b64fb671de8d9aedb465f5d74c9a962b9
__________________________________________

Fecha: 2025-07-03 12:16:58
Para: correo@gmail.cz
Asunto: Recuperación de contraseña
Mensaje:
Para restablecer tu contraseña, haz click en este enlace: http://localhost/ApiBiblioteca/admin/restablecer.php?token=59689c0e4928d3f283f179f7c51384dfb9ee3684d3786b3901fdb4ec83a36cdd
__________________________________________

Fecha: 2025-07-03 12:17:47
Para: correo@gmail.com
Asunto: Recuperación de contraseña
Mensaje:
Para restablecer tu contraseña, haz click en este enlace: http://localhost/ApiBiblioteca/admin/restablecer.php?token=e5540161f840aeb09dd4cded0d9ae04da9e1a0bae963a43bd524ffd28765f8be
__________________________________________

Fecha: 2025-07-03 12:21:20
Para: correo@gmail.com
Asunto: Recuperación de contraseña
Mensaje:
Para restablecer tu contraseña, haz click en este enlace: http://localhost/ApiBiblioteca/admin/restablecer.php?token=4779610cba0a00dd4b0d4126bc5bcb6a612add02355069cdc0474bb853503b43
__________________________________________

Fecha: 2025-07-03 13:31:11
Para: correo@gmail.com
Asunto: Recuperación de contraseña
Mensaje:
Para restablecer tu contraseña, haz click en este enlace: http://localhost/ApiBiblioteca/admin/restablecer.php?token=2da5ea531b42ab56bffed75d6d86bb8fde06a57d63f46c93984375f6a1c4316c
__________________________________________

Fecha: 2025-07-03 13:39:49
Para: correo@gmail.cz
Asunto: Recuperación de contraseña
Mensaje:
Para restablecer tu contraseña, haz click en este enlace: http://localhost/ApiBiblioteca/admin/restablecer.php?token=2207a2b509d368d3021e1161ec646cec3db72a6056a5149b63e855d38c17f9ed
__________________________________________

Fecha: 2025-07-03 13:43:45
Para: correo@gmail.pt
Asunto: Recuperación de contraseña
Mensaje:
Para restablecer tu contraseña, haz click en este enlace: http://localhost/ApiBiblioteca/admin/restablecer.php?token=dcf2b6bfc4881f61a8f185252634d2248c6ff36de565fcbc75a22a3e893831d3
__________________________________________

Fecha: 2025-07-03 13:50:10
Para: correo@gmail.cz
Asunto: Recuperación de contraseña
Mensaje:
Para restablecer tu contraseña, haz click en este enlace: http://localhost/ApiBiblioteca/admin/restablecer.php?token=be8948f20cb1be48177c2110224a34238824d2e1e9e467752ae8b8aab926a9de
__________________________________________

Fecha: 2025-07-03 13:51:41
Para: correo@gmail.pt
Asunto: Recuperación de contraseña
Mensaje:
Para restablecer tu contraseña, haz click en este enlace: http://localhost/ApiBiblioteca/admin/restablecer.php?token=bc6dfa213e9f212484a46fc815fbc43f60a8c36a1507f20bff5fd5808f9b07a2
__________________________________________

Fecha: 2025-07-03 14:13:21
Para: correo@gmail.cz
Asunto: Recuperación de contraseña
Mensaje:
Para restablecer tu contraseña, haz click en este enlace: http://localhost/ApiBiblioteca/admin/restablecer.php?token=b5129d29b3a38970f1df5d8e4cf2c9a4c45a96a8c91a97da5f6840c64ee16400
__________________________________________

Fecha: 2025-07-03 14:27:19
Para: correo@gmail.cz
Asunto: Recuperación de contraseña
Mensaje:
Para restablecer tu contraseña, haz click en este enlace: http://localhost/ApiBiblioteca/admin/restablecer.php?token=b05bb009b9afc9212afb63c1d1fa73a5abe9de6bdcf3df16266a8486349ecfca
__________________________________________

Fecha: 2025-07-03 14:31:19
Para: correo@gmail.cz
Asunto: Recuperación de contraseña
Mensaje:
Para restablecer tu contraseña, haz click en este enlace: http://localhost/ApiBiblioteca/admin/restablecer.php?token=c95fc4797a217d8de506979b171dc949c33e41e2f9bbf8095da235bc70cfed05
__________________________________________

Fecha: 2025-07-03 14:33:08
Para: correo@gmail.ch
Asunto: Recuperación de contraseña
Mensaje:
Para restablecer tu contraseña, haz click en este enlace: http://localhost/ApiBiblioteca/admin/restablecer.php?token=a1471a58b676a6f8406c9532274fef854791bfe40298349d1b52eb0fa570cab7
__________________________________________

Fecha: 2025-07-07 10:51:37
Para: antonia@gmail.com
Asunto: Verificación de cuenta
Mensaje:
Por favor, verifica tu cuenta haciendo clic en este enlace: http://www.javitxum.es/adminverificar.php?token=29124aa3c89c40597f361a8f17c1c9ab0e2b0961ece06327ea5c269ab1b13bf0
__________________________________________

Fecha: 2025-07-07 11:01:57
Para: antonia2@gmail.com
Asunto: Verificación de cuenta
Mensaje:
Por favor, verifica tu cuenta haciendo clic en este enlace: http://www.javitxum.es/admin/verificar.php?token=7bfd1ef6e34d1ee25b1015bc77bc249a2db0faccbc0a056e10d041130bd55da7
__________________________________________

Fecha: 2025-07-07 11:03:48
Para: antonia3@gmail.com
Asunto: Verificación de cuenta
Mensaje:
Por favor, verifica tu cuenta haciendo clic en este enlace: http://www.javitxum.es/admin/verificar.php?token=80b5ae9cc273c2881536c21e3e9f6867499d7ef40402ec77be036140658c98b0
__________________________________________

Fecha: 2025-07-07 14:01:02
Para: correo@gmail.de
Asunto: Recuperación de contraseña
Mensaje:
Para restablecer tu contraseña, haz click en este enlace: http://localhost/ApiBiblioteca/admin/restablecer.php?token=72bdc757929d615b52e8ed5848c86e824aa37088b723652080ea662c62555c09
__________________________________________

Fecha: 2025-07-07 14:16:07
Para: correo@gmail.us
Asunto: Verificación de cuenta
Mensaje:
Por favor, verifica tu cuenta haciendo clic en este enlace: http://localhost/ApiBiblioteca/admin/verificar.php?token=d0885f7bf6cf239c23bde2361a4470e1f9e114912913e43fbbb44bc4fe51f4aa
__________________________________________

Fecha: 2025-07-07 14:18:21
Para: correo@gmail.au
Asunto: Verificación de cuenta
Mensaje:
Por favor, verifica tu cuenta haciendo clic en este enlace: http://www.javitxum.es/ApiBiblioteca/admin/verificar.php?token=49179f2cba49fd7132ff9b68a64479a4a5c49e0cea5453f1d7aad4d9aa75bfd7
__________________________________________

Fecha: 2025-07-09 09:34:07
Para: javihidalgo78@gmail.com
Asunto: Recuperación de contraseña
Mensaje:
Para restablecer tu contraseña, haz click en este enlace: http://www.javitxum.es/ApiBiblioteca/admin/restablecer.php?token=a543dd93aea9c6c8ba896980d86354cea4a0d2b4b4eb7a55aaaa3f8e6b76f4bc
__________________________________________

Fecha: 2025-07-09 09:49:10
Para: javihidalgo78@gmail.com
Asunto: Recuperación de contraseña
Mensaje:
Para restablecer tu contraseña, haz click en este enlace: http://www.javitxum.es/ApiBiblioteca/admin/restablecer.php?token=e0b1ea12bf04516e4e2b18f42775fe8bd8137d2158d56c6621d932e8e692331f
__________________________________________

